2019-02-27 09:13:46,416 [main] INFO  org.eclipse.jetty.server.Server - jetty-8.1.14.v20131031
2019-02-27 09:13:46,466 [main] INFO  o.e.jetty.server.AbstractConnector - Started SelectChannelConnector@0.0.0.0:44202
2019-02-27 09:13:48,098 [qtp1199402854-72] WARN  o.e.jetty.servlet.ServletHandler - 
org.apache.jasper.JasperException: org.apache.jasper.JasperException: Unable to compile class for JSP

An error occurred at line: 19 in the jsp file: /perspective_toolbar.jsp
Generated servlet error:
The type java.lang.CharSequence cannot be resolved. It is indirectly referenced from required .class files


	at org.apache.jasper.servlet.JspServletWrapper.handleJspException(JspServletWrapper.java:510) ~[na:na]
	at org.apache.jasper.servlet.JspServletWrapper.service(JspServletWrapper.java:375) ~[na:na]
	at org.apache.jasper.servlet.JspServlet.serviceJspFile(JspServlet.java:314) ~[na:na]
	at org.apache.jasper.servlet.JspServlet.service(JspServlet.java:264) ~[na:na]
	at javax.servlet.http.HttpServlet.service(HttpServlet.java:848) ~[javax.servlet_3.0.0.v201112011016.jar:na]
	at org.eclipse.equinox.jsp.jasper.JspServlet.service(JspServlet.java:155) ~[na:na]
	at javax.servlet.http.HttpServlet.service(HttpServlet.java:848) ~[javax.servlet_3.0.0.v201112011016.jar:na]
	at org.eclipse.equinox.http.registry.internal.ServletManager$ServletWrapper.service(ServletManager.java:180) ~[na:na]
	at org.eclipse.equinox.http.servlet.internal.ServletRegistration.service(ServletRegistration.java:61) ~[na:na]
	at org.eclipse.equinox.http.servlet.internal.ProxyServlet.processAlias(ProxyServlet.java:128) ~[na:na]
	at org.eclipse.equinox.http.servlet.internal.ProxyServlet.service(ProxyServlet.java:76) ~[na:na]
	at javax.servlet.http.HttpServlet.service(HttpServlet.java:848) ~[javax.servlet_3.0.0.v201112011016.jar:na]
	at org.eclipse.equinox.http.jetty.internal.HttpServerManager$InternalHttpServiceServlet.service(HttpServerManager.java:386) ~[org.eclipse.equinox.http.jetty_3.0.100.v20130327-1442.jar:na]
	at org.eclipse.jetty.servlet.ServletHolder.handle(ServletHolder.java:684) ~[org.eclipse.jetty.servlet_8.1.14.v20131031.jar:8.1.14.v20131031]
	at org.eclipse.jetty.servlet.ServletHandler.doHandle(ServletHandler.java:501) [org.eclipse.jetty.servlet_8.1.14.v20131031.jar:8.1.14.v20131031]
	at org.eclipse.jetty.server.session.SessionHandler.doHandle(SessionHandler.java:229) [org.eclipse.jetty.server_8.1.14.v20131031.jar:8.1.14.v20131031]
	at org.eclipse.jetty.server.handler.ContextHandler.doHandle(ContextHandler.java:1086) [org.eclipse.jetty.server_8.1.14.v20131031.jar:8.1.14.v20131031]
	at org.eclipse.jetty.servlet.ServletHandler.doScope(ServletHandler.java:428) [org.eclipse.jetty.servlet_8.1.14.v20131031.jar:8.1.14.v20131031]
	at org.eclipse.jetty.server.session.SessionHandler.doScope(SessionHandler.java:193) [org.eclipse.jetty.server_8.1.14.v20131031.jar:8.1.14.v20131031]
	at org.eclipse.jetty.server.handler.ContextHandler.doScope(ContextHandler.java:1020) [org.eclipse.jetty.server_8.1.14.v20131031.jar:8.1.14.v20131031]
	at org.eclipse.jetty.server.handler.ScopedHandler.handle(ScopedHandler.java:135) [org.eclipse.jetty.server_8.1.14.v20131031.jar:8.1.14.v20131031]
	at org.eclipse.jetty.server.handler.HandlerWrapper.handle(HandlerWrapper.java:116) [org.eclipse.jetty.server_8.1.14.v20131031.jar:8.1.14.v20131031]
	at org.eclipse.jetty.server.Server.handle(Server.java:370) [org.eclipse.jetty.server_8.1.14.v20131031.jar:8.1.14.v20131031]
	at org.eclipse.jetty.server.AbstractHttpConnection.handleRequest(AbstractHttpConnection.java:494) [org.eclipse.jetty.server_8.1.14.v20131031.jar:8.1.14.v20131031]
	at org.eclipse.jetty.server.AbstractHttpConnection.headerComplete(AbstractHttpConnection.java:971) [org.eclipse.jetty.server_8.1.14.v20131031.jar:8.1.14.v20131031]
	at org.eclipse.jetty.server.AbstractHttpConnection$RequestHandler.headerComplete(AbstractHttpConnection.java:1033) [org.eclipse.jetty.server_8.1.14.v20131031.jar:8.1.14.v20131031]
	at org.eclipse.jetty.http.HttpParser.parseNext(HttpParser.java:644) [org.eclipse.jetty.http_8.1.14.v20131031.jar:8.1.14.v20131031]
	at org.eclipse.jetty.http.HttpParser.parseAvailable(HttpParser.java:235) [org.eclipse.jetty.http_8.1.14.v20131031.jar:8.1.14.v20131031]
	at org.eclipse.jetty.server.AsyncHttpConnection.handle(AsyncHttpConnection.java:82) [org.eclipse.jetty.server_8.1.14.v20131031.jar:8.1.14.v20131031]
	at org.eclipse.jetty.io.nio.SelectChannelEndPoint.handle(SelectChannelEndPoint.java:667) [org.eclipse.jetty.io_8.1.14.v20131031.jar:8.1.14.v20131031]
	at org.eclipse.jetty.io.nio.SelectChannelEndPoint$1.run(SelectChannelEndPoint.java:52) [org.eclipse.jetty.io_8.1.14.v20131031.jar:8.1.14.v20131031]
	at org.eclipse.jetty.util.thread.QueuedThreadPool.runJob(QueuedThreadPool.java:608) [org.eclipse.jetty.util_8.1.14.v20131031.jar:8.1.14.v20131031]
	at org.eclipse.jetty.util.thread.QueuedThreadPool$3.run(QueuedThreadPool.java:543) [org.eclipse.jetty.util_8.1.14.v20131031.jar:8.1.14.v20131031]
	at java.lang.Thread.run(Thread.java:748) [na:1.8.0_201]
Caused by: org.apache.jasper.JasperException: Unable to compile class for JSP

An error occurred at line: 19 in the jsp file: /perspective_toolbar.jsp
Generated servlet error:
The type java.lang.CharSequence cannot be resolved. It is indirectly referenced from required .class files


	at org.apache.jasper.compiler.DefaultErrorHandler.javacError(DefaultErrorHandler.java:84) ~[na:na]
	at org.apache.jasper.compiler.ErrorDispatcher.javacError(ErrorDispatcher.java:328) ~[na:na]
	at org.apache.jasper.compiler.JDTCompiler.generateClass(JDTCompiler.java:414) ~[na:na]
	at org.apache.jasper.compiler.Compiler.compile(Compiler.java:297) ~[na:na]
	at org.apache.jasper.compiler.Compiler.compile(Compiler.java:276) ~[na:na]
	at org.apache.jasper.compiler.Compiler.compile(Compiler.java:264) ~[na:na]
	at org.apache.jasper.JspCompilationContext.compile(JspCompilationContext.java:563) ~[na:na]
	at org.apache.jasper.servlet.JspServletWrapper.service(JspServletWrapper.java:303) ~[na:na]
	... 32 common frames omitted
2019-02-27 09:13:48,109 [qtp1199402854-72] WARN  o.e.jetty.servlet.ServletHandler - /wse/perspective_toolbar.jsp;jsessionid=1krlllpollgahzxew2eyuta7p
org.apache.jasper.JasperException: Unable to compile class for JSP

An error occurred at line: 19 in the jsp file: /perspective_toolbar.jsp
Generated servlet error:
The type java.lang.CharSequence cannot be resolved. It is indirectly referenced from required .class files


	at org.apache.jasper.compiler.DefaultErrorHandler.javacError(DefaultErrorHandler.java:84) ~[na:na]
	at org.apache.jasper.compiler.ErrorDispatcher.javacError(ErrorDispatcher.java:328) ~[na:na]
	at org.apache.jasper.compiler.JDTCompiler.generateClass(JDTCompiler.java:414) ~[na:na]
	at org.apache.jasper.compiler.Compiler.compile(Compiler.java:297) ~[na:na]
	at org.apache.jasper.compiler.Compiler.compile(Compiler.java:276) ~[na:na]
	at org.apache.jasper.compiler.Compiler.compile(Compiler.java:264) ~[na:na]
	at org.apache.jasper.JspCompilationContext.compile(JspCompilationContext.java:563) ~[na:na]
	at org.apache.jasper.servlet.JspServletWrapper.service(JspServletWrapper.java:303) ~[na:na]
	at org.apache.jasper.servlet.JspServlet.serviceJspFile(JspServlet.java:314) ~[na:na]
	at org.apache.jasper.servlet.JspServlet.service(JspServlet.java:264) ~[na:na]
	at javax.servlet.http.HttpServlet.service(HttpServlet.java:848) ~[javax.servlet_3.0.0.v201112011016.jar:na]
	at org.eclipse.equinox.jsp.jasper.JspServlet.service(JspServlet.java:155) ~[na:na]
	at javax.servlet.http.HttpServlet.service(HttpServlet.java:848) ~[javax.servlet_3.0.0.v201112011016.jar:na]
	at org.eclipse.equinox.http.registry.internal.ServletManager$ServletWrapper.service(ServletManager.java:180) ~[na:na]
	at org.eclipse.equinox.http.servlet.internal.ServletRegistration.service(ServletRegistration.java:61) ~[na:na]
	at org.eclipse.equinox.http.servlet.internal.ProxyServlet.processAlias(ProxyServlet.java:128) ~[na:na]
	at org.eclipse.equinox.http.servlet.internal.ProxyServlet.service(ProxyServlet.java:76) ~[na:na]
	at javax.servlet.http.HttpServlet.service(HttpServlet.java:848) ~[javax.servlet_3.0.0.v201112011016.jar:na]
	at org.eclipse.equinox.http.jetty.internal.HttpServerManager$InternalHttpServiceServlet.service(HttpServerManager.java:386) ~[org.eclipse.equinox.http.jetty_3.0.100.v20130327-1442.jar:na]
	at org.eclipse.jetty.servlet.ServletHolder.handle(ServletHolder.java:684) ~[org.eclipse.jetty.servlet_8.1.14.v20131031.jar:8.1.14.v20131031]
	at org.eclipse.jetty.servlet.ServletHandler.doHandle(ServletHandler.java:501) [org.eclipse.jetty.servlet_8.1.14.v20131031.jar:8.1.14.v20131031]
	at org.eclipse.jetty.server.session.SessionHandler.doHandle(SessionHandler.java:229) [org.eclipse.jetty.server_8.1.14.v20131031.jar:8.1.14.v20131031]
	at org.eclipse.jetty.server.handler.ContextHandler.doHandle(ContextHandler.java:1086) [org.eclipse.jetty.server_8.1.14.v20131031.jar:8.1.14.v20131031]
	at org.eclipse.jetty.servlet.ServletHandler.doScope(ServletHandler.java:428) [org.eclipse.jetty.servlet_8.1.14.v20131031.jar:8.1.14.v20131031]
	at org.eclipse.jetty.server.session.SessionHandler.doScope(SessionHandler.java:193) [org.eclipse.jetty.server_8.1.14.v20131031.jar:8.1.14.v20131031]
	at org.eclipse.jetty.server.handler.ContextHandler.doScope(ContextHandler.java:1020) [org.eclipse.jetty.server_8.1.14.v20131031.jar:8.1.14.v20131031]
	at org.eclipse.jetty.server.handler.ScopedHandler.handle(ScopedHandler.java:135) [org.eclipse.jetty.server_8.1.14.v20131031.jar:8.1.14.v20131031]
	at org.eclipse.jetty.server.handler.HandlerWrapper.handle(HandlerWrapper.java:116) [org.eclipse.jetty.server_8.1.14.v20131031.jar:8.1.14.v20131031]
	at org.eclipse.jetty.server.Server.handle(Server.java:370) [org.eclipse.jetty.server_8.1.14.v20131031.jar:8.1.14.v20131031]
	at org.eclipse.jetty.server.AbstractHttpConnection.handleRequest(AbstractHttpConnection.java:494) [org.eclipse.jetty.server_8.1.14.v20131031.jar:8.1.14.v20131031]
	at org.eclipse.jetty.server.AbstractHttpConnection.headerComplete(AbstractHttpConnection.java:971) [org.eclipse.jetty.server_8.1.14.v20131031.jar:8.1.14.v20131031]
	at org.eclipse.jetty.server.AbstractHttpConnection$RequestHandler.headerComplete(AbstractHttpConnection.java:1033) [org.eclipse.jetty.server_8.1.14.v20131031.jar:8.1.14.v20131031]
	at org.eclipse.jetty.http.HttpParser.parseNext(HttpParser.java:644) [org.eclipse.jetty.http_8.1.14.v20131031.jar:8.1.14.v20131031]
	at org.eclipse.jetty.http.HttpParser.parseAvailable(HttpParser.java:235) [org.eclipse.jetty.http_8.1.14.v20131031.jar:8.1.14.v20131031]
	at org.eclipse.jetty.server.AsyncHttpConnection.handle(AsyncHttpConnection.java:82) [org.eclipse.jetty.server_8.1.14.v20131031.jar:8.1.14.v20131031]
	at org.eclipse.jetty.io.nio.SelectChannelEndPoint.handle(SelectChannelEndPoint.java:667) [org.eclipse.jetty.io_8.1.14.v20131031.jar:8.1.14.v20131031]
	at org.eclipse.jetty.io.nio.SelectChannelEndPoint$1.run(SelectChannelEndPoint.java:52) [org.eclipse.jetty.io_8.1.14.v20131031.jar:8.1.14.v20131031]
	at org.eclipse.jetty.util.thread.QueuedThreadPool.runJob(QueuedThreadPool.java:608) [org.eclipse.jetty.util_8.1.14.v20131031.jar:8.1.14.v20131031]
	at org.eclipse.jetty.util.thread.QueuedThreadPool$3.run(QueuedThreadPool.java:543) [org.eclipse.jetty.util_8.1.14.v20131031.jar:8.1.14.v20131031]
	at java.lang.Thread.run(Thread.java:748) [na:1.8.0_201]
2019-02-27 09:13:48,249 [qtp1199402854-75] WARN  o.e.jetty.servlet.ServletHandler - 
org.apache.jasper.JasperException: org.apache.jasper.JasperException: Unable to compile class for JSP

An error occurred at line: 18 in the jsp file: /actions/ShowPerspectiveActionJSP.jsp
Generated servlet error:
The type java.lang.CharSequence cannot be resolved. It is indirectly referenced from required .class files


	at org.apache.jasper.servlet.JspServletWrapper.handleJspException(JspServletWrapper.java:510) ~[na:na]
	at org.apache.jasper.servlet.JspServletWrapper.service(JspServletWrapper.java:375) ~[na:na]
	at org.apache.jasper.servlet.JspServlet.serviceJspFile(JspServlet.java:314) ~[na:na]
	at org.apache.jasper.servlet.JspServlet.service(JspServlet.java:264) ~[na:na]
	at javax.servlet.http.HttpServlet.service(HttpServlet.java:848) ~[javax.servlet_3.0.0.v201112011016.jar:na]
	at org.eclipse.equinox.jsp.jasper.JspServlet.service(JspServlet.java:155) ~[na:na]
	at javax.servlet.http.HttpServlet.service(HttpServlet.java:848) ~[javax.servlet_3.0.0.v201112011016.jar:na]
	at org.eclipse.equinox.http.registry.internal.ServletManager$ServletWrapper.service(ServletManager.java:180) ~[na:na]
	at org.eclipse.equinox.http.servlet.internal.ServletRegistration.service(ServletRegistration.java:61) ~[na:na]
	at org.eclipse.equinox.http.servlet.internal.ProxyServlet.processAlias(ProxyServlet.java:128) ~[na:na]
	at org.eclipse.equinox.http.servlet.internal.ProxyServlet.service(ProxyServlet.java:76) ~[na:na]
	at javax.servlet.http.HttpServlet.service(HttpServlet.java:848) ~[javax.servlet_3.0.0.v201112011016.jar:na]
	at org.eclipse.equinox.http.jetty.internal.HttpServerManager$InternalHttpServiceServlet.service(HttpServerManager.java:386) ~[org.eclipse.equinox.http.jetty_3.0.100.v20130327-1442.jar:na]
	at org.eclipse.jetty.servlet.ServletHolder.handle(ServletHolder.java:684) ~[org.eclipse.jetty.servlet_8.1.14.v20131031.jar:8.1.14.v20131031]
	at org.eclipse.jetty.servlet.ServletHandler.doHandle(ServletHandler.java:501) [org.eclipse.jetty.servlet_8.1.14.v20131031.jar:8.1.14.v20131031]
	at org.eclipse.jetty.server.session.SessionHandler.doHandle(SessionHandler.java:229) [org.eclipse.jetty.server_8.1.14.v20131031.jar:8.1.14.v20131031]
	at org.eclipse.jetty.server.handler.ContextHandler.doHandle(ContextHandler.java:1086) [org.eclipse.jetty.server_8.1.14.v20131031.jar:8.1.14.v20131031]
	at org.eclipse.jetty.servlet.ServletHandler.doScope(ServletHandler.java:428) [org.eclipse.jetty.servlet_8.1.14.v20131031.jar:8.1.14.v20131031]
	at org.eclipse.jetty.server.session.SessionHandler.doScope(SessionHandler.java:193) [org.eclipse.jetty.server_8.1.14.v20131031.jar:8.1.14.v20131031]
	at org.eclipse.jetty.server.handler.ContextHandler.doScope(ContextHandler.java:1020) [org.eclipse.jetty.server_8.1.14.v20131031.jar:8.1.14.v20131031]
	at org.eclipse.jetty.server.handler.ScopedHandler.handle(ScopedHandler.java:135) [org.eclipse.jetty.server_8.1.14.v20131031.jar:8.1.14.v20131031]
	at org.eclipse.jetty.server.handler.HandlerWrapper.handle(HandlerWrapper.java:116) [org.eclipse.jetty.server_8.1.14.v20131031.jar:8.1.14.v20131031]
	at org.eclipse.jetty.server.Server.handle(Server.java:370) [org.eclipse.jetty.server_8.1.14.v20131031.jar:8.1.14.v20131031]
	at org.eclipse.jetty.server.AbstractHttpConnection.handleRequest(AbstractHttpConnection.java:494) [org.eclipse.jetty.server_8.1.14.v20131031.jar:8.1.14.v20131031]
	at org.eclipse.jetty.server.AbstractHttpConnection.headerComplete(AbstractHttpConnection.java:971) [org.eclipse.jetty.server_8.1.14.v20131031.jar:8.1.14.v20131031]
	at org.eclipse.jetty.server.AbstractHttpConnection$RequestHandler.headerComplete(AbstractHttpConnection.java:1033) [org.eclipse.jetty.server_8.1.14.v20131031.jar:8.1.14.v20131031]
	at org.eclipse.jetty.http.HttpParser.parseNext(HttpParser.java:644) [org.eclipse.jetty.http_8.1.14.v20131031.jar:8.1.14.v20131031]
	at org.eclipse.jetty.http.HttpParser.parseAvailable(HttpParser.java:235) [org.eclipse.jetty.http_8.1.14.v20131031.jar:8.1.14.v20131031]
	at org.eclipse.jetty.server.AsyncHttpConnection.handle(AsyncHttpConnection.java:82) [org.eclipse.jetty.server_8.1.14.v20131031.jar:8.1.14.v20131031]
	at org.eclipse.jetty.io.nio.SelectChannelEndPoint.handle(SelectChannelEndPoint.java:667) [org.eclipse.jetty.io_8.1.14.v20131031.jar:8.1.14.v20131031]
	at org.eclipse.jetty.io.nio.SelectChannelEndPoint$1.run(SelectChannelEndPoint.java:52) [org.eclipse.jetty.io_8.1.14.v20131031.jar:8.1.14.v20131031]
	at org.eclipse.jetty.util.thread.QueuedThreadPool.runJob(QueuedThreadPool.java:608) [org.eclipse.jetty.util_8.1.14.v20131031.jar:8.1.14.v20131031]
	at org.eclipse.jetty.util.thread.QueuedThreadPool$3.run(QueuedThreadPool.java:543) [org.eclipse.jetty.util_8.1.14.v20131031.jar:8.1.14.v20131031]
	at java.lang.Thread.run(Thread.java:748) [na:1.8.0_201]
Caused by: org.apache.jasper.JasperException: Unable to compile class for JSP

An error occurred at line: 18 in the jsp file: /actions/ShowPerspectiveActionJSP.jsp
Generated servlet error:
The type java.lang.CharSequence cannot be resolved. It is indirectly referenced from required .class files


	at org.apache.jasper.compiler.DefaultErrorHandler.javacError(DefaultErrorHandler.java:84) ~[na:na]
	at org.apache.jasper.compiler.ErrorDispatcher.javacError(ErrorDispatcher.java:328) ~[na:na]
	at org.apache.jasper.compiler.JDTCompiler.generateClass(JDTCompiler.java:414) ~[na:na]
	at org.apache.jasper.compiler.Compiler.compile(Compiler.java:297) ~[na:na]
	at org.apache.jasper.compiler.Compiler.compile(Compiler.java:276) ~[na:na]
	at org.apache.jasper.compiler.Compiler.compile(Compiler.java:264) ~[na:na]
	at org.apache.jasper.JspCompilationContext.compile(JspCompilationContext.java:563) ~[na:na]
	at org.apache.jasper.servlet.JspServletWrapper.service(JspServletWrapper.java:303) ~[na:na]
	... 32 common frames omitted
2019-02-27 09:13:48,252 [qtp1199402854-75] WARN  o.e.jetty.servlet.ServletHandler - /wse/actions/ShowPerspectiveActionJSP.jsp
org.apache.jasper.JasperException: Unable to compile class for JSP

An error occurred at line: 18 in the jsp file: /actions/ShowPerspectiveActionJSP.jsp
Generated servlet error:
The type java.lang.CharSequence cannot be resolved. It is indirectly referenced from required .class files


	at org.apache.jasper.compiler.DefaultErrorHandler.javacError(DefaultErrorHandler.java:84) ~[na:na]
	at org.apache.jasper.compiler.ErrorDispatcher.javacError(ErrorDispatcher.java:328) ~[na:na]
	at org.apache.jasper.compiler.JDTCompiler.generateClass(JDTCompiler.java:414) ~[na:na]
	at org.apache.jasper.compiler.Compiler.compile(Compiler.java:297) ~[na:na]
	at org.apache.jasper.compiler.Compiler.compile(Compiler.java:276) ~[na:na]
	at org.apache.jasper.compiler.Compiler.compile(Compiler.java:264) ~[na:na]
	at org.apache.jasper.JspCompilationContext.compile(JspCompilationContext.java:563) ~[na:na]
	at org.apache.jasper.servlet.JspServletWrapper.service(JspServletWrapper.java:303) ~[na:na]
	at org.apache.jasper.servlet.JspServlet.serviceJspFile(JspServlet.java:314) ~[na:na]
	at org.apache.jasper.servlet.JspServlet.service(JspServlet.java:264) ~[na:na]
	at javax.servlet.http.HttpServlet.service(HttpServlet.java:848) ~[javax.servlet_3.0.0.v201112011016.jar:na]
	at org.eclipse.equinox.jsp.jasper.JspServlet.service(JspServlet.java:155) ~[na:na]
	at javax.servlet.http.HttpServlet.service(HttpServlet.java:848) ~[javax.servlet_3.0.0.v201112011016.jar:na]
	at org.eclipse.equinox.http.registry.internal.ServletManager$ServletWrapper.service(ServletManager.java:180) ~[na:na]
	at org.eclipse.equinox.http.servlet.internal.ServletRegistration.service(ServletRegistration.java:61) ~[na:na]
	at org.eclipse.equinox.http.servlet.internal.ProxyServlet.processAlias(ProxyServlet.java:128) ~[na:na]
	at org.eclipse.equinox.http.servlet.internal.ProxyServlet.service(ProxyServlet.java:76) ~[na:na]
	at javax.servlet.http.HttpServlet.service(HttpServlet.java:848) ~[javax.servlet_3.0.0.v201112011016.jar:na]
	at org.eclipse.equinox.http.jetty.internal.HttpServerManager$InternalHttpServiceServlet.service(HttpServerManager.java:386) ~[org.eclipse.equinox.http.jetty_3.0.100.v20130327-1442.jar:na]
	at org.eclipse.jetty.servlet.ServletHolder.handle(ServletHolder.java:684) ~[org.eclipse.jetty.servlet_8.1.14.v20131031.jar:8.1.14.v20131031]
	at org.eclipse.jetty.servlet.ServletHandler.doHandle(ServletHandler.java:501) [org.eclipse.jetty.servlet_8.1.14.v20131031.jar:8.1.14.v20131031]
	at org.eclipse.jetty.server.session.SessionHandler.doHandle(SessionHandler.java:229) [org.eclipse.jetty.server_8.1.14.v20131031.jar:8.1.14.v20131031]
	at org.eclipse.jetty.server.handler.ContextHandler.doHandle(ContextHandler.java:1086) [org.eclipse.jetty.server_8.1.14.v20131031.jar:8.1.14.v20131031]
	at org.eclipse.jetty.servlet.ServletHandler.doScope(ServletHandler.java:428) [org.eclipse.jetty.servlet_8.1.14.v20131031.jar:8.1.14.v20131031]
	at org.eclipse.jetty.server.session.SessionHandler.doScope(SessionHandler.java:193) [org.eclipse.jetty.server_8.1.14.v20131031.jar:8.1.14.v20131031]
	at org.eclipse.jetty.server.handler.ContextHandler.doScope(ContextHandler.java:1020) [org.eclipse.jetty.server_8.1.14.v20131031.jar:8.1.14.v20131031]
	at org.eclipse.jetty.server.handler.ScopedHandler.handle(ScopedHandler.java:135) [org.eclipse.jetty.server_8.1.14.v20131031.jar:8.1.14.v20131031]
	at org.eclipse.jetty.server.handler.HandlerWrapper.handle(HandlerWrapper.java:116) [org.eclipse.jetty.server_8.1.14.v20131031.jar:8.1.14.v20131031]
	at org.eclipse.jetty.server.Server.handle(Server.java:370) [org.eclipse.jetty.server_8.1.14.v20131031.jar:8.1.14.v20131031]
	at org.eclipse.jetty.server.AbstractHttpConnection.handleRequest(AbstractHttpConnection.java:494) [org.eclipse.jetty.server_8.1.14.v20131031.jar:8.1.14.v20131031]
	at org.eclipse.jetty.server.AbstractHttpConnection.headerComplete(AbstractHttpConnection.java:971) [org.eclipse.jetty.server_8.1.14.v20131031.jar:8.1.14.v20131031]
	at org.eclipse.jetty.server.AbstractHttpConnection$RequestHandler.headerComplete(AbstractHttpConnection.java:1033) [org.eclipse.jetty.server_8.1.14.v20131031.jar:8.1.14.v20131031]
	at org.eclipse.jetty.http.HttpParser.parseNext(HttpParser.java:644) [org.eclipse.jetty.http_8.1.14.v20131031.jar:8.1.14.v20131031]
	at org.eclipse.jetty.http.HttpParser.parseAvailable(HttpParser.java:235) [org.eclipse.jetty.http_8.1.14.v20131031.jar:8.1.14.v20131031]
	at org.eclipse.jetty.server.AsyncHttpConnection.handle(AsyncHttpConnection.java:82) [org.eclipse.jetty.server_8.1.14.v20131031.jar:8.1.14.v20131031]
	at org.eclipse.jetty.io.nio.SelectChannelEndPoint.handle(SelectChannelEndPoint.java:667) [org.eclipse.jetty.io_8.1.14.v20131031.jar:8.1.14.v20131031]
	at org.eclipse.jetty.io.nio.SelectChannelEndPoint$1.run(SelectChannelEndPoint.java:52) [org.eclipse.jetty.io_8.1.14.v20131031.jar:8.1.14.v20131031]
	at org.eclipse.jetty.util.thread.QueuedThreadPool.runJob(QueuedThreadPool.java:608) [org.eclipse.jetty.util_8.1.14.v20131031.jar:8.1.14.v20131031]
	at org.eclipse.jetty.util.thread.QueuedThreadPool$3.run(QueuedThreadPool.java:543) [org.eclipse.jetty.util_8.1.14.v20131031.jar:8.1.14.v20131031]
	at java.lang.Thread.run(Thread.java:748) [na:1.8.0_201]
2019-02-27 09:14:51,487 [main] INFO  o.e.j.server.handler.ContextHandler - stopped o.e.j.s.ServletContextHandler{/wse,null}
2019-02-27 09:18:41,203 [main] INFO  org.eclipse.jetty.server.Server - jetty-8.1.14.v20131031
2019-02-27 09:18:41,258 [main] INFO  o.e.jetty.server.AbstractConnector - Started SelectChannelConnector@0.0.0.0:38541
2019-02-27 09:18:42,761 [qtp1213257323-74] WARN  o.e.jetty.servlet.ServletHandler - 
org.apache.jasper.JasperException: org.apache.jasper.JasperException: Unable to compile class for JSP

An error occurred at line: 19 in the jsp file: /perspective_toolbar.jsp
Generated servlet error:
The type java.lang.CharSequence cannot be resolved. It is indirectly referenced from required .class files


	at org.apache.jasper.servlet.JspServletWrapper.handleJspException(JspServletWrapper.java:510) ~[na:na]
	at org.apache.jasper.servlet.JspServletWrapper.service(JspServletWrapper.java:375) ~[na:na]
	at org.apache.jasper.servlet.JspServlet.serviceJspFile(JspServlet.java:314) ~[na:na]
	at org.apache.jasper.servlet.JspServlet.service(JspServlet.java:264) ~[na:na]
	at javax.servlet.http.HttpServlet.service(HttpServlet.java:848) ~[javax.servlet_3.0.0.v201112011016.jar:na]
	at org.eclipse.equinox.jsp.jasper.JspServlet.service(JspServlet.java:155) ~[na:na]
	at javax.servlet.http.HttpServlet.service(HttpServlet.java:848) ~[javax.servlet_3.0.0.v201112011016.jar:na]
	at org.eclipse.equinox.http.registry.internal.ServletManager$ServletWrapper.service(ServletManager.java:180) ~[na:na]
	at org.eclipse.equinox.http.servlet.internal.ServletRegistration.service(ServletRegistration.java:61) ~[na:na]
	at org.eclipse.equinox.http.servlet.internal.ProxyServlet.processAlias(ProxyServlet.java:128) ~[na:na]
	at org.eclipse.equinox.http.servlet.internal.ProxyServlet.service(ProxyServlet.java:76) ~[na:na]
	at javax.servlet.http.HttpServlet.service(HttpServlet.java:848) ~[javax.servlet_3.0.0.v201112011016.jar:na]
	at org.eclipse.equinox.http.jetty.internal.HttpServerManager$InternalHttpServiceServlet.service(HttpServerManager.java:386) ~[org.eclipse.equinox.http.jetty_3.0.100.v20130327-1442.jar:na]
	at org.eclipse.jetty.servlet.ServletHolder.handle(ServletHolder.java:684) ~[org.eclipse.jetty.servlet_8.1.14.v20131031.jar:8.1.14.v20131031]
	at org.eclipse.jetty.servlet.ServletHandler.doHandle(ServletHandler.java:501) [org.eclipse.jetty.servlet_8.1.14.v20131031.jar:8.1.14.v20131031]
	at org.eclipse.jetty.server.session.SessionHandler.doHandle(SessionHandler.java:229) [org.eclipse.jetty.server_8.1.14.v20131031.jar:8.1.14.v20131031]
	at org.eclipse.jetty.server.handler.ContextHandler.doHandle(ContextHandler.java:1086) [org.eclipse.jetty.server_8.1.14.v20131031.jar:8.1.14.v20131031]
	at org.eclipse.jetty.servlet.ServletHandler.doScope(ServletHandler.java:428) [org.eclipse.jetty.servlet_8.1.14.v20131031.jar:8.1.14.v20131031]
	at org.eclipse.jetty.server.session.SessionHandler.doScope(SessionHandler.java:193) [org.eclipse.jetty.server_8.1.14.v20131031.jar:8.1.14.v20131031]
	at org.eclipse.jetty.server.handler.ContextHandler.doScope(ContextHandler.java:1020) [org.eclipse.jetty.server_8.1.14.v20131031.jar:8.1.14.v20131031]
	at org.eclipse.jetty.server.handler.ScopedHandler.handle(ScopedHandler.java:135) [org.eclipse.jetty.server_8.1.14.v20131031.jar:8.1.14.v20131031]
	at org.eclipse.jetty.server.handler.HandlerWrapper.handle(HandlerWrapper.java:116) [org.eclipse.jetty.server_8.1.14.v20131031.jar:8.1.14.v20131031]
	at org.eclipse.jetty.server.Server.handle(Server.java:370) [org.eclipse.jetty.server_8.1.14.v20131031.jar:8.1.14.v20131031]
	at org.eclipse.jetty.server.AbstractHttpConnection.handleRequest(AbstractHttpConnection.java:494) [org.eclipse.jetty.server_8.1.14.v20131031.jar:8.1.14.v20131031]
	at org.eclipse.jetty.server.AbstractHttpConnection.headerComplete(AbstractHttpConnection.java:971) [org.eclipse.jetty.server_8.1.14.v20131031.jar:8.1.14.v20131031]
	at org.eclipse.jetty.server.AbstractHttpConnection$RequestHandler.headerComplete(AbstractHttpConnection.java:1033) [org.eclipse.jetty.server_8.1.14.v20131031.jar:8.1.14.v20131031]
	at org.eclipse.jetty.http.HttpParser.parseNext(HttpParser.java:644) [org.eclipse.jetty.http_8.1.14.v20131031.jar:8.1.14.v20131031]
	at org.eclipse.jetty.http.HttpParser.parseAvailable(HttpParser.java:235) [org.eclipse.jetty.http_8.1.14.v20131031.jar:8.1.14.v20131031]
	at org.eclipse.jetty.server.AsyncHttpConnection.handle(AsyncHttpConnection.java:82) [org.eclipse.jetty.server_8.1.14.v20131031.jar:8.1.14.v20131031]
	at org.eclipse.jetty.io.nio.SelectChannelEndPoint.handle(SelectChannelEndPoint.java:667) [org.eclipse.jetty.io_8.1.14.v20131031.jar:8.1.14.v20131031]
	at org.eclipse.jetty.io.nio.SelectChannelEndPoint$1.run(SelectChannelEndPoint.java:52) [org.eclipse.jetty.io_8.1.14.v20131031.jar:8.1.14.v20131031]
	at org.eclipse.jetty.util.thread.QueuedThreadPool.runJob(QueuedThreadPool.java:608) [org.eclipse.jetty.util_8.1.14.v20131031.jar:8.1.14.v20131031]
	at org.eclipse.jetty.util.thread.QueuedThreadPool$3.run(QueuedThreadPool.java:543) [org.eclipse.jetty.util_8.1.14.v20131031.jar:8.1.14.v20131031]
	at java.lang.Thread.run(Thread.java:748) [na:1.8.0_201]
Caused by: org.apache.jasper.JasperException: Unable to compile class for JSP

An error occurred at line: 19 in the jsp file: /perspective_toolbar.jsp
Generated servlet error:
The type java.lang.CharSequence cannot be resolved. It is indirectly referenced from required .class files


	at org.apache.jasper.compiler.DefaultErrorHandler.javacError(DefaultErrorHandler.java:84) ~[na:na]
	at org.apache.jasper.compiler.ErrorDispatcher.javacError(ErrorDispatcher.java:328) ~[na:na]
	at org.apache.jasper.compiler.JDTCompiler.generateClass(JDTCompiler.java:414) ~[na:na]
	at org.apache.jasper.compiler.Compiler.compile(Compiler.java:297) ~[na:na]
	at org.apache.jasper.compiler.Compiler.compile(Compiler.java:276) ~[na:na]
	at org.apache.jasper.compiler.Compiler.compile(Compiler.java:264) ~[na:na]
	at org.apache.jasper.JspCompilationContext.compile(JspCompilationContext.java:563) ~[na:na]
	at org.apache.jasper.servlet.JspServletWrapper.service(JspServletWrapper.java:303) ~[na:na]
	... 32 common frames omitted
2019-02-27 09:18:42,766 [qtp1213257323-74] WARN  o.e.jetty.servlet.ServletHandler - /wse/perspective_toolbar.jsp;jsessionid=19wtfgael89kw1wapuynndru7b
org.apache.jasper.JasperException: Unable to compile class for JSP

An error occurred at line: 19 in the jsp file: /perspective_toolbar.jsp
Generated servlet error:
The type java.lang.CharSequence cannot be resolved. It is indirectly referenced from required .class files


	at org.apache.jasper.compiler.DefaultErrorHandler.javacError(DefaultErrorHandler.java:84) ~[na:na]
	at org.apache.jasper.compiler.ErrorDispatcher.javacError(ErrorDispatcher.java:328) ~[na:na]
	at org.apache.jasper.compiler.JDTCompiler.generateClass(JDTCompiler.java:414) ~[na:na]
	at org.apache.jasper.compiler.Compiler.compile(Compiler.java:297) ~[na:na]
	at org.apache.jasper.compiler.Compiler.compile(Compiler.java:276) ~[na:na]
	at org.apache.jasper.compiler.Compiler.compile(Compiler.java:264) ~[na:na]
	at org.apache.jasper.JspCompilationContext.compile(JspCompilationContext.java:563) ~[na:na]
	at org.apache.jasper.servlet.JspServletWrapper.service(JspServletWrapper.java:303) ~[na:na]
	at org.apache.jasper.servlet.JspServlet.serviceJspFile(JspServlet.java:314) ~[na:na]
	at org.apache.jasper.servlet.JspServlet.service(JspServlet.java:264) ~[na:na]
	at javax.servlet.http.HttpServlet.service(HttpServlet.java:848) ~[javax.servlet_3.0.0.v201112011016.jar:na]
	at org.eclipse.equinox.jsp.jasper.JspServlet.service(JspServlet.java:155) ~[na:na]
	at javax.servlet.http.HttpServlet.service(HttpServlet.java:848) ~[javax.servlet_3.0.0.v201112011016.jar:na]
	at org.eclipse.equinox.http.registry.internal.ServletManager$ServletWrapper.service(ServletManager.java:180) ~[na:na]
	at org.eclipse.equinox.http.servlet.internal.ServletRegistration.service(ServletRegistration.java:61) ~[na:na]
	at org.eclipse.equinox.http.servlet.internal.ProxyServlet.processAlias(ProxyServlet.java:128) ~[na:na]
	at org.eclipse.equinox.http.servlet.internal.ProxyServlet.service(ProxyServlet.java:76) ~[na:na]
	at javax.servlet.http.HttpServlet.service(HttpServlet.java:848) ~[javax.servlet_3.0.0.v201112011016.jar:na]
	at org.eclipse.equinox.http.jetty.internal.HttpServerManager$InternalHttpServiceServlet.service(HttpServerManager.java:386) ~[org.eclipse.equinox.http.jetty_3.0.100.v20130327-1442.jar:na]
	at org.eclipse.jetty.servlet.ServletHolder.handle(ServletHolder.java:684) ~[org.eclipse.jetty.servlet_8.1.14.v20131031.jar:8.1.14.v20131031]
	at org.eclipse.jetty.servlet.ServletHandler.doHandle(ServletHandler.java:501) [org.eclipse.jetty.servlet_8.1.14.v20131031.jar:8.1.14.v20131031]
	at org.eclipse.jetty.server.session.SessionHandler.doHandle(SessionHandler.java:229) [org.eclipse.jetty.server_8.1.14.v20131031.jar:8.1.14.v20131031]
	at org.eclipse.jetty.server.handler.ContextHandler.doHandle(ContextHandler.java:1086) [org.eclipse.jetty.server_8.1.14.v20131031.jar:8.1.14.v20131031]
	at org.eclipse.jetty.servlet.ServletHandler.doScope(ServletHandler.java:428) [org.eclipse.jetty.servlet_8.1.14.v20131031.jar:8.1.14.v20131031]
	at org.eclipse.jetty.server.session.SessionHandler.doScope(SessionHandler.java:193) [org.eclipse.jetty.server_8.1.14.v20131031.jar:8.1.14.v20131031]
	at org.eclipse.jetty.server.handler.ContextHandler.doScope(ContextHandler.java:1020) [org.eclipse.jetty.server_8.1.14.v20131031.jar:8.1.14.v20131031]
	at org.eclipse.jetty.server.handler.ScopedHandler.handle(ScopedHandler.java:135) [org.eclipse.jetty.server_8.1.14.v20131031.jar:8.1.14.v20131031]
	at org.eclipse.jetty.server.handler.HandlerWrapper.handle(HandlerWrapper.java:116) [org.eclipse.jetty.server_8.1.14.v20131031.jar:8.1.14.v20131031]
	at org.eclipse.jetty.server.Server.handle(Server.java:370) [org.eclipse.jetty.server_8.1.14.v20131031.jar:8.1.14.v20131031]
	at org.eclipse.jetty.server.AbstractHttpConnection.handleRequest(AbstractHttpConnection.java:494) [org.eclipse.jetty.server_8.1.14.v20131031.jar:8.1.14.v20131031]
	at org.eclipse.jetty.server.AbstractHttpConnection.headerComplete(AbstractHttpConnection.java:971) [org.eclipse.jetty.server_8.1.14.v20131031.jar:8.1.14.v20131031]
	at org.eclipse.jetty.server.AbstractHttpConnection$RequestHandler.headerComplete(AbstractHttpConnection.java:1033) [org.eclipse.jetty.server_8.1.14.v20131031.jar:8.1.14.v20131031]
	at org.eclipse.jetty.http.HttpParser.parseNext(HttpParser.java:644) [org.eclipse.jetty.http_8.1.14.v20131031.jar:8.1.14.v20131031]
	at org.eclipse.jetty.http.HttpParser.parseAvailable(HttpParser.java:235) [org.eclipse.jetty.http_8.1.14.v20131031.jar:8.1.14.v20131031]
	at org.eclipse.jetty.server.AsyncHttpConnection.handle(AsyncHttpConnection.java:82) [org.eclipse.jetty.server_8.1.14.v20131031.jar:8.1.14.v20131031]
	at org.eclipse.jetty.io.nio.SelectChannelEndPoint.handle(SelectChannelEndPoint.java:667) [org.eclipse.jetty.io_8.1.14.v20131031.jar:8.1.14.v20131031]
	at org.eclipse.jetty.io.nio.SelectChannelEndPoint$1.run(SelectChannelEndPoint.java:52) [org.eclipse.jetty.io_8.1.14.v20131031.jar:8.1.14.v20131031]
	at org.eclipse.jetty.util.thread.QueuedThreadPool.runJob(QueuedThreadPool.java:608) [org.eclipse.jetty.util_8.1.14.v20131031.jar:8.1.14.v20131031]
	at org.eclipse.jetty.util.thread.QueuedThreadPool$3.run(QueuedThreadPool.java:543) [org.eclipse.jetty.util_8.1.14.v20131031.jar:8.1.14.v20131031]
	at java.lang.Thread.run(Thread.java:748) [na:1.8.0_201]
2019-02-27 09:18:42,889 [qtp1213257323-72] WARN  o.e.jetty.servlet.ServletHandler - 
org.apache.jasper.JasperException: org.apache.jasper.JasperException: Unable to compile class for JSP

An error occurred at line: 18 in the jsp file: /actions/ShowPerspectiveActionJSP.jsp
Generated servlet error:
The type java.lang.CharSequence cannot be resolved. It is indirectly referenced from required .class files


	at org.apache.jasper.servlet.JspServletWrapper.handleJspException(JspServletWrapper.java:510) ~[na:na]
	at org.apache.jasper.servlet.JspServletWrapper.service(JspServletWrapper.java:375) ~[na:na]
	at org.apache.jasper.servlet.JspServlet.serviceJspFile(JspServlet.java:314) ~[na:na]
	at org.apache.jasper.servlet.JspServlet.service(JspServlet.java:264) ~[na:na]
	at javax.servlet.http.HttpServlet.service(HttpServlet.java:848) ~[javax.servlet_3.0.0.v201112011016.jar:na]
	at org.eclipse.equinox.jsp.jasper.JspServlet.service(JspServlet.java:155) ~[na:na]
	at javax.servlet.http.HttpServlet.service(HttpServlet.java:848) ~[javax.servlet_3.0.0.v201112011016.jar:na]
	at org.eclipse.equinox.http.registry.internal.ServletManager$ServletWrapper.service(ServletManager.java:180) ~[na:na]
	at org.eclipse.equinox.http.servlet.internal.ServletRegistration.service(ServletRegistration.java:61) ~[na:na]
	at org.eclipse.equinox.http.servlet.internal.ProxyServlet.processAlias(ProxyServlet.java:128) ~[na:na]
	at org.eclipse.equinox.http.servlet.internal.ProxyServlet.service(ProxyServlet.java:76) ~[na:na]
	at javax.servlet.http.HttpServlet.service(HttpServlet.java:848) ~[javax.servlet_3.0.0.v201112011016.jar:na]
	at org.eclipse.equinox.http.jetty.internal.HttpServerManager$InternalHttpServiceServlet.service(HttpServerManager.java:386) ~[org.eclipse.equinox.http.jetty_3.0.100.v20130327-1442.jar:na]
	at org.eclipse.jetty.servlet.ServletHolder.handle(ServletHolder.java:684) ~[org.eclipse.jetty.servlet_8.1.14.v20131031.jar:8.1.14.v20131031]
	at org.eclipse.jetty.servlet.ServletHandler.doHandle(ServletHandler.java:501) [org.eclipse.jetty.servlet_8.1.14.v20131031.jar:8.1.14.v20131031]
	at org.eclipse.jetty.server.session.SessionHandler.doHandle(SessionHandler.java:229) [org.eclipse.jetty.server_8.1.14.v20131031.jar:8.1.14.v20131031]
	at org.eclipse.jetty.server.handler.ContextHandler.doHandle(ContextHandler.java:1086) [org.eclipse.jetty.server_8.1.14.v20131031.jar:8.1.14.v20131031]
	at org.eclipse.jetty.servlet.ServletHandler.doScope(ServletHandler.java:428) [org.eclipse.jetty.servlet_8.1.14.v20131031.jar:8.1.14.v20131031]
	at org.eclipse.jetty.server.session.SessionHandler.doScope(SessionHandler.java:193) [org.eclipse.jetty.server_8.1.14.v20131031.jar:8.1.14.v20131031]
	at org.eclipse.jetty.server.handler.ContextHandler.doScope(ContextHandler.java:1020) [org.eclipse.jetty.server_8.1.14.v20131031.jar:8.1.14.v20131031]
	at org.eclipse.jetty.server.handler.ScopedHandler.handle(ScopedHandler.java:135) [org.eclipse.jetty.server_8.1.14.v20131031.jar:8.1.14.v20131031]
	at org.eclipse.jetty.server.handler.HandlerWrapper.handle(HandlerWrapper.java:116) [org.eclipse.jetty.server_8.1.14.v20131031.jar:8.1.14.v20131031]
	at org.eclipse.jetty.server.Server.handle(Server.java:370) [org.eclipse.jetty.server_8.1.14.v20131031.jar:8.1.14.v20131031]
	at org.eclipse.jetty.server.AbstractHttpConnection.handleRequest(AbstractHttpConnection.java:494) [org.eclipse.jetty.server_8.1.14.v20131031.jar:8.1.14.v20131031]
	at org.eclipse.jetty.server.AbstractHttpConnection.headerComplete(AbstractHttpConnection.java:971) [org.eclipse.jetty.server_8.1.14.v20131031.jar:8.1.14.v20131031]
	at org.eclipse.jetty.server.AbstractHttpConnection$RequestHandler.headerComplete(AbstractHttpConnection.java:1033) [org.eclipse.jetty.server_8.1.14.v20131031.jar:8.1.14.v20131031]
	at org.eclipse.jetty.http.HttpParser.parseNext(HttpParser.java:644) [org.eclipse.jetty.http_8.1.14.v20131031.jar:8.1.14.v20131031]
	at org.eclipse.jetty.http.HttpParser.parseAvailable(HttpParser.java:235) [org.eclipse.jetty.http_8.1.14.v20131031.jar:8.1.14.v20131031]
	at org.eclipse.jetty.server.AsyncHttpConnection.handle(AsyncHttpConnection.java:82) [org.eclipse.jetty.server_8.1.14.v20131031.jar:8.1.14.v20131031]
	at org.eclipse.jetty.io.nio.SelectChannelEndPoint.handle(SelectChannelEndPoint.java:667) [org.eclipse.jetty.io_8.1.14.v20131031.jar:8.1.14.v20131031]
	at org.eclipse.jetty.io.nio.SelectChannelEndPoint$1.run(SelectChannelEndPoint.java:52) [org.eclipse.jetty.io_8.1.14.v20131031.jar:8.1.14.v20131031]
	at org.eclipse.jetty.util.thread.QueuedThreadPool.runJob(QueuedThreadPool.java:608) [org.eclipse.jetty.util_8.1.14.v20131031.jar:8.1.14.v20131031]
	at org.eclipse.jetty.util.thread.QueuedThreadPool$3.run(QueuedThreadPool.java:543) [org.eclipse.jetty.util_8.1.14.v20131031.jar:8.1.14.v20131031]
	at java.lang.Thread.run(Thread.java:748) [na:1.8.0_201]
Caused by: org.apache.jasper.JasperException: Unable to compile class for JSP

An error occurred at line: 18 in the jsp file: /actions/ShowPerspectiveActionJSP.jsp
Generated servlet error:
The type java.lang.CharSequence cannot be resolved. It is indirectly referenced from required .class files


	at org.apache.jasper.compiler.DefaultErrorHandler.javacError(DefaultErrorHandler.java:84) ~[na:na]
	at org.apache.jasper.compiler.ErrorDispatcher.javacError(ErrorDispatcher.java:328) ~[na:na]
	at org.apache.jasper.compiler.JDTCompiler.generateClass(JDTCompiler.java:414) ~[na:na]
	at org.apache.jasper.compiler.Compiler.compile(Compiler.java:297) ~[na:na]
	at org.apache.jasper.compiler.Compiler.compile(Compiler.java:276) ~[na:na]
	at org.apache.jasper.compiler.Compiler.compile(Compiler.java:264) ~[na:na]
	at org.apache.jasper.JspCompilationContext.compile(JspCompilationContext.java:563) ~[na:na]
	at org.apache.jasper.servlet.JspServletWrapper.service(JspServletWrapper.java:303) ~[na:na]
	... 32 common frames omitted
2019-02-27 09:18:42,892 [qtp1213257323-72] WARN  o.e.jetty.servlet.ServletHandler - /wse/actions/ShowPerspectiveActionJSP.jsp
org.apache.jasper.JasperException: Unable to compile class for JSP

An error occurred at line: 18 in the jsp file: /actions/ShowPerspectiveActionJSP.jsp
Generated servlet error:
The type java.lang.CharSequence cannot be resolved. It is indirectly referenced from required .class files


	at org.apache.jasper.compiler.DefaultErrorHandler.javacError(DefaultErrorHandler.java:84) ~[na:na]
	at org.apache.jasper.compiler.ErrorDispatcher.javacError(ErrorDispatcher.java:328) ~[na:na]
	at org.apache.jasper.compiler.JDTCompiler.generateClass(JDTCompiler.java:414) ~[na:na]
	at org.apache.jasper.compiler.Compiler.compile(Compiler.java:297) ~[na:na]
	at org.apache.jasper.compiler.Compiler.compile(Compiler.java:276) ~[na:na]
	at org.apache.jasper.compiler.Compiler.compile(Compiler.java:264) ~[na:na]
	at org.apache.jasper.JspCompilationContext.compile(JspCompilationContext.java:563) ~[na:na]
	at org.apache.jasper.servlet.JspServletWrapper.service(JspServletWrapper.java:303) ~[na:na]
	at org.apache.jasper.servlet.JspServlet.serviceJspFile(JspServlet.java:314) ~[na:na]
	at org.apache.jasper.servlet.JspServlet.service(JspServlet.java:264) ~[na:na]
	at javax.servlet.http.HttpServlet.service(HttpServlet.java:848) ~[javax.servlet_3.0.0.v201112011016.jar:na]
	at org.eclipse.equinox.jsp.jasper.JspServlet.service(JspServlet.java:155) ~[na:na]
	at javax.servlet.http.HttpServlet.service(HttpServlet.java:848) ~[javax.servlet_3.0.0.v201112011016.jar:na]
	at org.eclipse.equinox.http.registry.internal.ServletManager$ServletWrapper.service(ServletManager.java:180) ~[na:na]
	at org.eclipse.equinox.http.servlet.internal.ServletRegistration.service(ServletRegistration.java:61) ~[na:na]
	at org.eclipse.equinox.http.servlet.internal.ProxyServlet.processAlias(ProxyServlet.java:128) ~[na:na]
	at org.eclipse.equinox.http.servlet.internal.ProxyServlet.service(ProxyServlet.java:76) ~[na:na]
	at javax.servlet.http.HttpServlet.service(HttpServlet.java:848) ~[javax.servlet_3.0.0.v201112011016.jar:na]
	at org.eclipse.equinox.http.jetty.internal.HttpServerManager$InternalHttpServiceServlet.service(HttpServerManager.java:386) ~[org.eclipse.equinox.http.jetty_3.0.100.v20130327-1442.jar:na]
	at org.eclipse.jetty.servlet.ServletHolder.handle(ServletHolder.java:684) ~[org.eclipse.jetty.servlet_8.1.14.v20131031.jar:8.1.14.v20131031]
	at org.eclipse.jetty.servlet.ServletHandler.doHandle(ServletHandler.java:501) [org.eclipse.jetty.servlet_8.1.14.v20131031.jar:8.1.14.v20131031]
	at org.eclipse.jetty.server.session.SessionHandler.doHandle(SessionHandler.java:229) [org.eclipse.jetty.server_8.1.14.v20131031.jar:8.1.14.v20131031]
	at org.eclipse.jetty.server.handler.ContextHandler.doHandle(ContextHandler.java:1086) [org.eclipse.jetty.server_8.1.14.v20131031.jar:8.1.14.v20131031]
	at org.eclipse.jetty.servlet.ServletHandler.doScope(ServletHandler.java:428) [org.eclipse.jetty.servlet_8.1.14.v20131031.jar:8.1.14.v20131031]
	at org.eclipse.jetty.server.session.SessionHandler.doScope(SessionHandler.java:193) [org.eclipse.jetty.server_8.1.14.v20131031.jar:8.1.14.v20131031]
	at org.eclipse.jetty.server.handler.ContextHandler.doScope(ContextHandler.java:1020) [org.eclipse.jetty.server_8.1.14.v20131031.jar:8.1.14.v20131031]
	at org.eclipse.jetty.server.handler.ScopedHandler.handle(ScopedHandler.java:135) [org.eclipse.jetty.server_8.1.14.v20131031.jar:8.1.14.v20131031]
	at org.eclipse.jetty.server.handler.HandlerWrapper.handle(HandlerWrapper.java:116) [org.eclipse.jetty.server_8.1.14.v20131031.jar:8.1.14.v20131031]
	at org.eclipse.jetty.server.Server.handle(Server.java:370) [org.eclipse.jetty.server_8.1.14.v20131031.jar:8.1.14.v20131031]
	at org.eclipse.jetty.server.AbstractHttpConnection.handleRequest(AbstractHttpConnection.java:494) [org.eclipse.jetty.server_8.1.14.v20131031.jar:8.1.14.v20131031]
	at org.eclipse.jetty.server.AbstractHttpConnection.headerComplete(AbstractHttpConnection.java:971) [org.eclipse.jetty.server_8.1.14.v20131031.jar:8.1.14.v20131031]
	at org.eclipse.jetty.server.AbstractHttpConnection$RequestHandler.headerComplete(AbstractHttpConnection.java:1033) [org.eclipse.jetty.server_8.1.14.v20131031.jar:8.1.14.v20131031]
	at org.eclipse.jetty.http.HttpParser.parseNext(HttpParser.java:644) [org.eclipse.jetty.http_8.1.14.v20131031.jar:8.1.14.v20131031]
	at org.eclipse.jetty.http.HttpParser.parseAvailable(HttpParser.java:235) [org.eclipse.jetty.http_8.1.14.v20131031.jar:8.1.14.v20131031]
	at org.eclipse.jetty.server.AsyncHttpConnection.handle(AsyncHttpConnection.java:82) [org.eclipse.jetty.server_8.1.14.v20131031.jar:8.1.14.v20131031]
	at org.eclipse.jetty.io.nio.SelectChannelEndPoint.handle(SelectChannelEndPoint.java:667) [org.eclipse.jetty.io_8.1.14.v20131031.jar:8.1.14.v20131031]
	at org.eclipse.jetty.io.nio.SelectChannelEndPoint$1.run(SelectChannelEndPoint.java:52) [org.eclipse.jetty.io_8.1.14.v20131031.jar:8.1.14.v20131031]
	at org.eclipse.jetty.util.thread.QueuedThreadPool.runJob(QueuedThreadPool.java:608) [org.eclipse.jetty.util_8.1.14.v20131031.jar:8.1.14.v20131031]
	at org.eclipse.jetty.util.thread.QueuedThreadPool$3.run(QueuedThreadPool.java:543) [org.eclipse.jetty.util_8.1.14.v20131031.jar:8.1.14.v20131031]
	at java.lang.Thread.run(Thread.java:748) [na:1.8.0_201]
